<?xml version="1.0" encoding="UTF-8"?>
<!-- Generated by org.testng.reporters.JUnitXMLReporter -->
<testsuite ignored="0" hostname="GURL5CG207721Z" failures="0" tests="3" name="Submit Order Test" time="37.891" errors="0" timestamp="2024-07-30T15:15:15 IST">
  <testcase classname="capgemini.Tests.SubmitOrderTest" name="submitOrder" time="8.704"/>
  <testcase classname="capgemini.Tests.SubmitOrderTest" name="submitOrder" time="9.089"/>
  <testcase classname="capgemini.Tests.SubmitOrderTest" name="OrderHistoryTest" time="1.088"/>
</testsuite> <!-- Submit Order Test -->
