<?xml version="1.0" encoding="UTF-8"?>
<!-- Generated by org.testng.reporters.JUnitXMLReporter -->
<testsuite ignored="1" hostname="GURL5CG207721Z" failures="0" tests="1" name="Error Validations Test" time="7.151" errors="0" timestamp="2024-07-31T14:06:09 IST">
  <testcase classname="capgemini.Tests.ErrorValidationsTest" name="LoginErrorValidation" time="0.844"/>
  <testcase classname="capgemini.Tests.ErrorValidationsTest" name="ProductErrorValidation" time="0.0">
    <ignored/>
  </testcase> <!-- ProductErrorValidation -->
</testsuite> <!-- Error Validations Test -->
